#
# A fatal error has been detected by the Java Runtime Environment:
#
#  EXCEPTION_ACCESS_VIOLATION (0xc0000005) at pc=0x00007ff9ea707a99, pid=2240, tid=12304
#
# JRE version: OpenJDK Runtime Environment (11.0.2+9) (build 11.0.2+9)
# Java VM: OpenJDK 64-Bit Server VM (11.0.2+9, mixed mode, tiered, compressed oops, g1 gc, windows-amd64)
# Problematic frame:
# V  [jvm.dll+0x257a99]
#
# No core dump will be written. Minidumps are not enabled by default on client versions of Windows
#
# If you would like to submit a bug report, please visit:
#   http://bugreport.java.com/bugreport/crash.jsp
#

---------------  S U M M A R Y ------------

Command Line: -agentlib:jdwp=transport=dt_socket,suspend=y,address=localhost:49390 -ea -javaagent:C:\Users\senior\eclipse\java-2021-03\eclipse\configuration\org.eclipse.osgi\222\0\.cp\lib\javaagent-shaded.jar -Dfile.encoding=UTF-8 org.eclipse.jdt.internal.junit.runner.RemoteTestRunner -version 3 -port 49389 -testLoaderClass org.eclipse.jdt.internal.junit4.runner.JUnit4TestLoader -loaderpluginname org.eclipse.jdt.junit4.runtime -test model.BoletimTest:testAddProva

Host: Intel(R) Core(TM) i5-7300HQ CPU @ 2.50GHz, 4 cores, 7G,  Windows 10 , 64 bit Build 19041 (10.0.19041.662)
Time: Fri May  7 16:58:03 2021 Hora oficial do Brasil elapsed time: 119 seconds (0d 0h 1m 59s)

---------------  T H R E A D  ---------------

Current thread (0x000001a17c0dd000):  VMThread "VM Thread" [stack: 0x0000007379400000,0x0000007379500000] [id=12304]

Stack: [0x0000007379400000,0x0000007379500000],  sp=0x00000073794ff118,  free space=1020k
Native frames: (J=compiled Java code, j=interpreted, Vv=VM code, C=native code)
V  [jvm.dll+0x257a99]


siginfo: EXCEPTION_ACCESS_VIOLATION (0xc0000005), reading address 0x000001a17dc81950


Register to memory mapping:

RIP=0x00007ff9ea707a99 jvm.dll
RAX=0x00000000001940c0 is an unknown value
RBX=0x00000073794ff3a0 points into unknown readable memory: 08 07 d7 ea f9 7f 00 00
RCX=0x000001a17daed890 is pointing into metadata
RDX=0x000000000000ca05 is an unknown value
RSP=0x00000073794ff118 points into unknown readable memory: 53 15 7f ea f9 7f 00 00
RBP=0x0000000000000001 is an unknown value
RSI=0x0000000000000001 is an unknown value
RDI=0x000001a17c93ae68 is pointing into metadata
R8 =0x0 is NULL
R9 =0x000001a17c93ae68 is pointing into metadata
R10=0x00007ff9ea4b0000 jvm.dll
R11=0x00000073794ff180 points into unknown readable memory: a0 f3 4f 79 73 00 00 00
R12=0x000001a17c095200 points into unknown readable memory: 00 eb d6 ea 00 00 00 00
R13=0x0 is NULL
R14=0x000001a17c93baf2 is pointing into metadata
R15=0x000000000000005a is an unknown value


Registers:
RAX=0x00000000001940c0, RBX=0x00000073794ff3a0, RCX=0x000001a17daed890, RDX=0x000000000000ca05
RSP=0x00000073794ff118, RBP=0x0000000000000001, RSI=0x0000000000000001, RDI=0x000001a17c93ae68
R8 =0x0000000000000000, R9 =0x000001a17c93ae68, R10=0x00007ff9ea4b0000, R11=0x00000073794ff180
R12=0x000001a17c095200, R13=0x0000000000000000, R14=0x000001a17c93baf2, R15=0x000000000000005a
RIP=0x00007ff9ea707a99, EFLAGS=0x0000000000010206

Top of Stack: (sp=0x00000073794ff118)
0x00000073794ff118:   00007ff9ea7f1553 00000073794ff170
0x00000073794ff128:   00007ff9ea7f58a3 000001a17c095200
0x00000073794ff138:   0000000000000059 0000000000000000
0x00000073794ff148:   00007ff9ea7f5278 000000004600003a
0x00000073794ff158:   8fffffff8fffffff 000054622e21a8e6
0x00000073794ff168:   000054622e21a8f6 000001a17c93baf2
0x00000073794ff178:   00000073794ff200 00000073794ff3a0
0x00000073794ff188:   00007ff9ea7f3a56 000001a17c93bad5
0x00000073794ff198:   000000000000004a 0000000000000001
0x00000073794ff1a8:   000001a17c93bab3 000000730000004a
0x00000073794ff1b8:   00000073794ff230 000000000000005a
0x00000073794ff1c8:   00000000000000b2 00000000000000b2
0x00000073794ff1d8:   00007ff9ea7f436e 00000073794ff3a0
0x00000073794ff1e8:   00000073794ff230 000001a17c93baf2
0x00000073794ff1f8:   6666666666666667 000001a17c93bb40
0x00000073794ff208:   000001a17c0dd000 0000004d0000004a 

Instructions: (pc=0x00007ff9ea707a99)
0x00007ff9ea707a79:   c2 48 ff c0 48 c1 e0 05 48 8b 04 08 0f b7 c8 41
0x00007ff9ea707a89:   0f b7 44 c9 42 c3 48 63 c2 48 ff c0 48 c1 e0 05
0x00007ff9ea707a99:   48 8b 04 08 0f b7 d0 48 63 c2 41 0f b7 44 c1 42
0x00007ff9ea707aa9:   c3 49 8b 41 08 48 63 ca 0f b6 44 01 04 3c 12 74 


Stack slot to memory mapping:
stack at sp + 0 slots: 0x00007ff9ea7f1553 jvm.dll
stack at sp + 1 slots: 0x00000073794ff170 points into unknown readable memory: f2 ba 93 7c a1 01 00 00
stack at sp + 2 slots: 0x00007ff9ea7f58a3 jvm.dll
stack at sp + 3 slots: 0x000001a17c095200 points into unknown readable memory: 00 eb d6 ea 00 00 00 00
stack at sp + 4 slots: 0x0000000000000059 is an unknown value
stack at sp + 5 slots: 0x0 is NULL
stack at sp + 6 slots: 0x00007ff9ea7f5278 jvm.dll
stack at sp + 7 slots: 0x000000004600003a is an unknown value

VM_Operation (0x0000007379dff060): GetOrSetLocal, mode: safepoint, requested by thread 0x000001a17cdd6800


---------------  P R O C E S S  ---------------

Threads class SMR info:
_java_thread_list=0x000001a17ce4c8b0, length=14, elements={
0x000001a161f59800, 0x000001a17c105000, 0x000001a17c107000, 0x000001a17cab3800,
0x000001a17c11a800, 0x000001a17c11f800, 0x000001a17c129000, 0x000001a17c12a800,
0x000001a17cbad800, 0x000001a17cdd6800, 0x000001a17cdd7800, 0x000001a17cde6800,
0x000001a17ccc1000, 0x000001a17cd79800
}

Java Threads: ( => current thread )
  0x000001a161f59800 JavaThread "main" [_thread_blocked, id=7996, stack(0x0000007378e00000,0x0000007378f00000)]
  0x000001a17c105000 JavaThread "Reference Handler" daemon [_thread_blocked, id=12108, stack(0x0000007379500000,0x0000007379600000)]
  0x000001a17c107000 JavaThread "Finalizer" daemon [_thread_blocked, id=11140, stack(0x0000007379600000,0x0000007379700000)]
  0x000001a17cab3800 JavaThread "Signal Dispatcher" daemon [_thread_blocked, id=6496, stack(0x0000007379700000,0x0000007379800000)]
  0x000001a17c11a800 JavaThread "Attach Listener" daemon [_thread_blocked, id=3812, stack(0x0000007379800000,0x0000007379900000)]
  0x000001a17c11f800 JavaThread "C2 CompilerThread0" daemon [_thread_blocked, id=6136, stack(0x0000007379900000,0x0000007379a00000)]
  0x000001a17c129000 JavaThread "C1 CompilerThread0" daemon [_thread_blocked, id=6084, stack(0x0000007379a00000,0x0000007379b00000)]
  0x000001a17c12a800 JavaThread "Sweeper thread" daemon [_thread_blocked, id=11432, stack(0x0000007379b00000,0x0000007379c00000)]
  0x000001a17cbad800 JavaThread "Common-Cleaner" daemon [_thread_blocked, id=8104, stack(0x0000007379c00000,0x0000007379d00000)]
  0x000001a17cdd6800 JavaThread "JDWP Transport Listener: dt_socket" daemon [_thread_blocked, id=9008, stack(0x0000007379d00000,0x0000007379e00000)] _threads_hazard_ptr=0x000001a17ce4c8b0
  0x000001a17cdd7800 JavaThread "JDWP Event Helper Thread" daemon [_thread_blocked, id=10752, stack(0x0000007379e00000,0x0000007379f00000)]
  0x000001a17cde6800 JavaThread "JDWP Command Reader" daemon [_thread_in_native, id=1424, stack(0x0000007379f00000,0x000000737a000000)]
  0x000001a17ccc1000 JavaThread "Service Thread" daemon [_thread_blocked, id=3200, stack(0x000000737a100000,0x000000737a200000)]
  0x000001a17cd79800 JavaThread "ReaderThread" [_thread_in_native, id=4200, stack(0x000000737a300000,0x000000737a400000)]

Other Threads:
=>0x000001a17c0dd000 VMThread "VM Thread" [stack: 0x0000007379400000,0x0000007379500000] [id=12304]
  0x000001a17cd92800 WatcherThread [stack: 0x000000737a200000,0x000000737a300000] [id=11012]
  0x000001a161f72800 GCTaskThread "GC Thread#0" [stack: 0x0000007378f00000,0x0000007379000000] [id=4688]
  0x000001a161fa1000 ConcurrentGCThread "G1 Main Marker" [stack: 0x0000007379000000,0x0000007379100000] [id=10596]
  0x000001a161fa3000 ConcurrentGCThread "G1 Conc#0" [stack: 0x0000007379100000,0x0000007379200000] [id=5724]
  0x000001a162034800 ConcurrentGCThread "G1 Refine#0" [stack: 0x0000007379200000,0x0000007379300000] [id=12072]
  0x000001a162036000 ConcurrentGCThread "G1 Young RemSet Sampling" [stack: 0x0000007379300000,0x0000007379400000] [id=5396]

Threads with active compile tasks:

VM state:at safepoint (normal execution)

VM Mutex/Monitor currently owned by a thread:  ([mutex/lock_event])
[0x000001a161f59270] Threads_lock - owner thread: 0x000001a17c0dd000

Heap address: 0x0000000081c00000, size: 2020 MB, Compressed Oops mode: 32-bit
Narrow klass base: 0x0000000000000000, Narrow klass shift: 3
Compressed class space size: 1073741824 Address: 0x0000000100000000

Heap:
 garbage-first heap   total 131072K, used 12288K [0x0000000081c00000, 0x0000000100000000)
  region size 1024K, 13 young (13312K), 0 survivors (0K)
 Metaspace       used 11149K, capacity 11340K, committed 11648K, reserved 1060864K
  class space    used 1026K, capacity 1050K, committed 1152K, reserved 1048576K
Heap Regions: E=young(eden), S=young(survivor), O=old, HS=humongous(starts), HC=humongous(continues), CS=collection set, F=free, A=archive, TAMS=top-at-mark-start (previous, next)
|   0|0x0000000081c00000, 0x0000000081c00000, 0x0000000081d00000|  0%| F|  |TAMS 0x0000000081c00000, 0x0000000081c00000| Untracked 
|   1|0x0000000081d00000, 0x0000000081d00000, 0x0000000081e00000|  0%| F|  |TAMS 0x0000000081d00000, 0x0000000081d00000| Untracked 
|   2|0x0000000081e00000, 0x0000000081e00000, 0x0000000081f00000|  0%| F|  |TAMS 0x0000000081e00000, 0x0000000081e00000| Untracked 
|   3|0x0000000081f00000, 0x0000000081f00000, 0x0000000082000000|  0%| F|  |TAMS 0x0000000081f00000, 0x0000000081f00000| Untracked 
|   4|0x0000000082000000, 0x0000000082000000, 0x0000000082100000|  0%| F|  |TAMS 0x0000000082000000, 0x0000000082000000| Untracked 
|   5|0x0000000082100000, 0x0000000082100000, 0x0000000082200000|  0%| F|  |TAMS 0x0000000082100000, 0x0000000082100000| Untracked 
|   6|0x0000000082200000, 0x0000000082200000, 0x0000000082300000|  0%| F|  |TAMS 0x0000000082200000, 0x0000000082200000| Untracked 
|   7|0x0000000082300000, 0x0000000082300000, 0x0000000082400000|  0%| F|  |TAMS 0x0000000082300000, 0x0000000082300000| Untracked 
|   8|0x0000000082400000, 0x0000000082400000, 0x0000000082500000|  0%| F|  |TAMS 0x0000000082400000, 0x0000000082400000| Untracked 
|   9|0x0000000082500000, 0x0000000082500000, 0x0000000082600000|  0%| F|  |TAMS 0x0000000082500000, 0x0000000082500000| Untracked 
|  10|0x0000000082600000, 0x0000000082600000, 0x0000000082700000|  0%| F|  |TAMS 0x0000000082600000, 0x0000000082600000| Untracked 
|  11|0x0000000082700000, 0x0000000082700000, 0x0000000082800000|  0%| F|  |TAMS 0x0000000082700000, 0x0000000082700000| Untracked 
|  12|0x0000000082800000, 0x0000000082800000, 0x0000000082900000|  0%| F|  |TAMS 0x0000000082800000, 0x0000000082800000| Untracked 
|  13|0x0000000082900000, 0x0000000082900000, 0x0000000082a00000|  0%| F|  |TAMS 0x0000000082900000, 0x0000000082900000| Untracked 
|  14|0x0000000082a00000, 0x0000000082a00000, 0x0000000082b00000|  0%| F|  |TAMS 0x0000000082a00000, 0x0000000082a00000| Untracked 
|  15|0x0000000082b00000, 0x0000000082b00000, 0x0000000082c00000|  0%| F|  |TAMS 0x0000000082b00000, 0x0000000082b00000| Untracked 
|  16|0x0000000082c00000, 0x0000000082c00000, 0x0000000082d00000|  0%| F|  |TAMS 0x0000000082c00000, 0x0000000082c00000| Untracked 
|  17|0x0000000082d00000, 0x0000000082d00000, 0x0000000082e00000|  0%| F|  |TAMS 0x0000000082d00000, 0x0000000082d00000| Untracked 
|  18|0x0000000082e00000, 0x0000000082e00000, 0x0000000082f00000|  0%| F|  |TAMS 0x0000000082e00000, 0x0000000082e00000| Untracked 
|  19|0x0000000082f00000, 0x0000000082f00000, 0x0000000083000000|  0%| F|  |TAMS 0x0000000082f00000, 0x0000000082f00000| Untracked 
|  20|0x0000000083000000, 0x0000000083000000, 0x0000000083100000|  0%| F|  |TAMS 0x0000000083000000, 0x0000000083000000| Untracked 
|  21|0x0000000083100000, 0x0000000083100000, 0x0000000083200000|  0%| F|  |TAMS 0x0000000083100000, 0x0000000083100000| Untracked 
|  22|0x0000000083200000, 0x0000000083200000, 0x0000000083300000|  0%| F|  |TAMS 0x0000000083200000, 0x0000000083200000| Untracked 
|  23|0x0000000083300000, 0x0000000083300000, 0x0000000083400000|  0%| F|  |TAMS 0x0000000083300000, 0x0000000083300000| Untracked 
|  24|0x0000000083400000, 0x0000000083400000, 0x0000000083500000|  0%| F|  |TAMS 0x0000000083400000, 0x0000000083400000| Untracked 
|  25|0x0000000083500000, 0x0000000083500000, 0x0000000083600000|  0%| F|  |TAMS 0x0000000083500000, 0x0000000083500000| Untracked 
|  26|0x0000000083600000, 0x0000000083600000, 0x0000000083700000|  0%| F|  |TAMS 0x0000000083600000, 0x0000000083600000| Untracked 
|  27|0x0000000083700000, 0x0000000083700000, 0x0000000083800000|  0%| F|  |TAMS 0x0000000083700000, 0x0000000083700000| Untracked 
|  28|0x0000000083800000, 0x0000000083800000, 0x0000000083900000|  0%| F|  |TAMS 0x0000000083800000, 0x0000000083800000| Untracked 
|  29|0x0000000083900000, 0x0000000083900000, 0x0000000083a00000|  0%| F|  |TAMS 0x0000000083900000, 0x0000000083900000| Untracked 
|  30|0x0000000083a00000, 0x0000000083a00000, 0x0000000083b00000|  0%| F|  |TAMS 0x0000000083a00000, 0x0000000083a00000| Untracked 
|  31|0x0000000083b00000, 0x0000000083b00000, 0x0000000083c00000|  0%| F|  |TAMS 0x0000000083b00000, 0x0000000083b00000| Untracked 
|  32|0x0000000083c00000, 0x0000000083c00000, 0x0000000083d00000|  0%| F|  |TAMS 0x0000000083c00000, 0x0000000083c00000| Untracked 
|  33|0x0000000083d00000, 0x0000000083d00000, 0x0000000083e00000|  0%| F|  |TAMS 0x0000000083d00000, 0x0000000083d00000| Untracked 
|  34|0x0000000083e00000, 0x0000000083e00000, 0x0000000083f00000|  0%| F|  |TAMS 0x0000000083e00000, 0x0000000083e00000| Untracked 
|  35|0x0000000083f00000, 0x0000000083f00000, 0x0000000084000000|  0%| F|  |TAMS 0x0000000083f00000, 0x0000000083f00000| Untracked 
|  36|0x0000000084000000, 0x0000000084000000, 0x0000000084100000|  0%| F|  |TAMS 0x0000000084000000, 0x0000000084000000| Untracked 
|  37|0x0000000084100000, 0x0000000084100000, 0x0000000084200000|  0%| F|  |TAMS 0x0000000084100000, 0x0000000084100000| Untracked 
|  38|0x0000000084200000, 0x0000000084200000, 0x0000000084300000|  0%| F|  |TAMS 0x0000000084200000, 0x0000000084200000| Untracked 
|  39|0x0000000084300000, 0x0000000084300000, 0x0000000084400000|  0%| F|  |TAMS 0x0000000084300000, 0x0000000084300000| Untracked 
|  40|0x0000000084400000, 0x0000000084400000, 0x0000000084500000|  0%| F|  |TAMS 0x0000000084400000, 0x0000000084400000| Untracked 
|  41|0x0000000084500000, 0x0000000084500000, 0x0000000084600000|  0%| F|  |TAMS 0x0000000084500000, 0x0000000084500000| Untracked 
|  42|0x0000000084600000, 0x0000000084600000, 0x0000000084700000|  0%| F|  |TAMS 0x0000000084600000, 0x0000000084600000| Untracked 
|  43|0x0000000084700000, 0x0000000084700000, 0x0000000084800000|  0%| F|  |TAMS 0x0000000084700000, 0x0000000084700000| Untracked 
|  44|0x0000000084800000, 0x0000000084800000, 0x0000000084900000|  0%| F|  |TAMS 0x0000000084800000, 0x0000000084800000| Untracked 
|  45|0x0000000084900000, 0x0000000084900000, 0x0000000084a00000|  0%| F|  |TAMS 0x0000000084900000, 0x0000000084900000| Untracked 
|  46|0x0000000084a00000, 0x0000000084a00000, 0x0000000084b00000|  0%| F|  |TAMS 0x0000000084a00000, 0x0000000084a00000| Untracked 
|  47|0x0000000084b00000, 0x0000000084b00000, 0x0000000084c00000|  0%| F|  |TAMS 0x0000000084b00000, 0x0000000084b00000| Untracked 
|  48|0x0000000084c00000, 0x0000000084c00000, 0x0000000084d00000|  0%| F|  |TAMS 0x0000000084c00000, 0x0000000084c00000| Untracked 
|  49|0x0000000084d00000, 0x0000000084d00000, 0x0000000084e00000|  0%| F|  |TAMS 0x0000000084d00000, 0x0000000084d00000| Untracked 
|  50|0x0000000084e00000, 0x0000000084e00000, 0x0000000084f00000|  0%| F|  |TAMS 0x0000000084e00000, 0x0000000084e00000| Untracked 
|  51|0x0000000084f00000, 0x0000000084f00000, 0x0000000085000000|  0%| F|  |TAMS 0x0000000084f00000, 0x0000000084f00000| Untracked 
|  52|0x0000000085000000, 0x0000000085000000, 0x0000000085100000|  0%| F|  |TAMS 0x0000000085000000, 0x0000000085000000| Untracked 
|  53|0x0000000085100000, 0x0000000085100000, 0x0000000085200000|  0%| F|  |TAMS 0x0000000085100000, 0x0000000085100000| Untracked 
|  54|0x0000000085200000, 0x0000000085200000, 0x0000000085300000|  0%| F|  |TAMS 0x0000000085200000, 0x0000000085200000| Untracked 
|  55|0x0000000085300000, 0x0000000085300000, 0x0000000085400000|  0%| F|  |TAMS 0x0000000085300000, 0x0000000085300000| Untracked 
|  56|0x0000000085400000, 0x0000000085400000, 0x0000000085500000|  0%| F|  |TAMS 0x0000000085400000, 0x0000000085400000| Untracked 
|  57|0x0000000085500000, 0x0000000085500000, 0x0000000085600000|  0%| F|  |TAMS 0x0000000085500000, 0x0000000085500000| Untracked 
|  58|0x0000000085600000, 0x0000000085600000, 0x0000000085700000|  0%| F|  |TAMS 0x0000000085600000, 0x0000000085600000| Untracked 
|  59|0x0000000085700000, 0x0000000085700000, 0x0000000085800000|  0%| F|  |TAMS 0x0000000085700000, 0x0000000085700000| Untracked 
|  60|0x0000000085800000, 0x0000000085800000, 0x0000000085900000|  0%| F|  |TAMS 0x0000000085800000, 0x0000000085800000| Untracked 
|  61|0x0000000085900000, 0x0000000085900000, 0x0000000085a00000|  0%| F|  |TAMS 0x0000000085900000, 0x0000000085900000| Untracked 
|  62|0x0000000085a00000, 0x0000000085a00000, 0x0000000085b00000|  0%| F|  |TAMS 0x0000000085a00000, 0x0000000085a00000| Untracked 
|  63|0x0000000085b00000, 0x0000000085b00000, 0x0000000085c00000|  0%| F|  |TAMS 0x0000000085b00000, 0x0000000085b00000| Untracked 
|  64|0x0000000085c00000, 0x0000000085c00000, 0x0000000085d00000|  0%| F|  |TAMS 0x0000000085c00000, 0x0000000085c00000| Untracked 
|  65|0x0000000085d00000, 0x0000000085d00000, 0x0000000085e00000|  0%| F|  |TAMS 0x0000000085d00000, 0x0000000085d00000| Untracked 
|  66|0x0000000085e00000, 0x0000000085e00000, 0x0000000085f00000|  0%| F|  |TAMS 0x0000000085e00000, 0x0000000085e00000| Untracked 
|  67|0x0000000085f00000, 0x0000000085f00000, 0x0000000086000000|  0%| F|  |TAMS 0x0000000085f00000, 0x0000000085f00000| Untracked 
|  68|0x0000000086000000, 0x0000000086000000, 0x0000000086100000|  0%| F|  |TAMS 0x0000000086000000, 0x0000000086000000| Untracked 
|  69|0x0000000086100000, 0x0000000086100000, 0x0000000086200000|  0%| F|  |TAMS 0x0000000086100000, 0x0000000086100000| Untracked 
|  70|0x0000000086200000, 0x0000000086200000, 0x0000000086300000|  0%| F|  |TAMS 0x0000000086200000, 0x0000000086200000| Untracked 
|  71|0x0000000086300000, 0x0000000086300000, 0x0000000086400000|  0%| F|  |TAMS 0x0000000086300000, 0x0000000086300000| Untracked 
|  72|0x0000000086400000, 0x0000000086400000, 0x0000000086500000|  0%| F|  |TAMS 0x0000000086400000, 0x0000000086400000| Untracked 
|  73|0x0000000086500000, 0x0000000086500000, 0x0000000086600000|  0%| F|  |TAMS 0x0000000086500000, 0x0000000086500000| Untracked 
|  74|0x0000000086600000, 0x0000000086600000, 0x0000000086700000|  0%| F|  |TAMS 0x0000000086600000, 0x0000000086600000| Untracked 
|  75|0x0000000086700000, 0x0000000086700000, 0x0000000086800000|  0%| F|  |TAMS 0x0000000086700000, 0x0000000086700000| Untracked 
|  76|0x0000000086800000, 0x0000000086800000, 0x0000000086900000|  0%| F|  |TAMS 0x0000000086800000, 0x0000000086800000| Untracked 
|  77|0x0000000086900000, 0x0000000086900000, 0x0000000086a00000|  0%| F|  |TAMS 0x0000000086900000, 0x0000000086900000| Untracked 
|  78|0x0000000086a00000, 0x0000000086a00000, 0x0000000086b00000|  0%| F|  |TAMS 0x0000000086a00000, 0x0000000086a00000| Untracked 
|  79|0x0000000086b00000, 0x0000000086b00000, 0x0000000086c00000|  0%| F|  |TAMS 0x0000000086b00000, 0x0000000086b00000| Untracked 
|  80|0x0000000086c00000, 0x0000000086c00000, 0x0000000086d00000|  0%| F|  |TAMS 0x0000000086c00000, 0x0000000086c00000| Untracked 
|  81|0x0000000086d00000, 0x0000000086d00000, 0x0000000086e00000|  0%| F|  |TAMS 0x0000000086d00000, 0x0000000086d00000| Untracked 
|  82|0x0000000086e00000, 0x0000000086e00000, 0x0000000086f00000|  0%| F|  |TAMS 0x0000000086e00000, 0x0000000086e00000| Untracked 
|  83|0x0000000086f00000, 0x0000000086f00000, 0x0000000087000000|  0%| F|  |TAMS 0x0000000086f00000, 0x0000000086f00000| Untracked 
|  84|0x0000000087000000, 0x0000000087000000, 0x0000000087100000|  0%| F|  |TAMS 0x0000000087000000, 0x0000000087000000| Untracked 
|  85|0x0000000087100000, 0x0000000087100000, 0x0000000087200000|  0%| F|  |TAMS 0x0000000087100000, 0x0000000087100000| Untracked 
|  86|0x0000000087200000, 0x0000000087200000, 0x0000000087300000|  0%| F|  |TAMS 0x0000000087200000, 0x0000000087200000| Untracked 
|  87|0x0000000087300000, 0x0000000087300000, 0x0000000087400000|  0%| F|  |TAMS 0x0000000087300000, 0x0000000087300000| Untracked 
|  88|0x0000000087400000, 0x0000000087400000, 0x0000000087500000|  0%| F|  |TAMS 0x0000000087400000, 0x0000000087400000| Untracked 
|  89|0x0000000087500000, 0x0000000087500000, 0x0000000087600000|  0%| F|  |TAMS 0x0000000087500000, 0x0000000087500000| Untracked 
|  90|0x0000000087600000, 0x0000000087600000, 0x0000000087700000|  0%| F|  |TAMS 0x0000000087600000, 0x0000000087600000| Untracked 
|  91|0x0000000087700000, 0x0000000087700000, 0x0000000087800000|  0%| F|  |TAMS 0x0000000087700000, 0x0000000087700000| Untracked 
|  92|0x0000000087800000, 0x0000000087800000, 0x0000000087900000|  0%| F|  |TAMS 0x0000000087800000, 0x0000000087800000| Untracked 
|  93|0x0000000087900000, 0x0000000087900000, 0x0000000087a00000|  0%| F|  |TAMS 0x0000000087900000, 0x0000000087900000| Untracked 
|  94|0x0000000087a00000, 0x0000000087a00000, 0x0000000087b00000|  0%| F|  |TAMS 0x0000000087a00000, 0x0000000087a00000| Untracked 
|  95|0x0000000087b00000, 0x0000000087b00000, 0x0000000087c00000|  0%| F|  |TAMS 0x0000000087b00000, 0x0000000087b00000| Untracked 
|  96|0x0000000087c00000, 0x0000000087c00000, 0x0000000087d00000|  0%| F|  |TAMS 0x0000000087c00000, 0x0000000087c00000| Untracked 
|  97|0x0000000087d00000, 0x0000000087d00000, 0x0000000087e00000|  0%| F|  |TAMS 0x0000000087d00000, 0x0000000087d00000| Untracked 
|  98|0x0000000087e00000, 0x0000000087e00000, 0x0000000087f00000|  0%| F|  |TAMS 0x0000000087e00000, 0x0000000087e00000| Untracked 
|  99|0x0000000087f00000, 0x0000000087f00000, 0x0000000088000000|  0%| F|  |TAMS 0x0000000087f00000, 0x0000000087f00000| Untracked 
| 100|0x0000000088000000, 0x0000000088000000, 0x0000000088100000|  0%| F|  |TAMS 0x0000000088000000, 0x0000000088000000| Untracked 
| 101|0x0000000088100000, 0x0000000088100000, 0x0000000088200000|  0%| F|  |TAMS 0x0000000088100000, 0x0000000088100000| Untracked 
| 102|0x0000000088200000, 0x0000000088200000, 0x0000000088300000|  0%| F|  |TAMS 0x0000000088200000, 0x0000000088200000| Untracked 
| 103|0x0000000088300000, 0x0000000088300000, 0x0000000088400000|  0%| F|  |TAMS 0x0000000088300000, 0x0000000088300000| Untracked 
| 104|0x0000000088400000, 0x0000000088400000, 0x0000000088500000|  0%| F|  |TAMS 0x0000000088400000, 0x0000000088400000| Untracked 
| 105|0x0000000088500000, 0x0000000088500000, 0x0000000088600000|  0%| F|  |TAMS 0x0000000088500000, 0x0000000088500000| Untracked 
| 106|0x0000000088600000, 0x0000000088600000, 0x0000000088700000|  0%| F|  |TAMS 0x0000000088600000, 0x0000000088600000| Untracked 
| 107|0x0000000088700000, 0x0000000088700000, 0x0000000088800000|  0%| F|  |TAMS 0x0000000088700000, 0x0000000088700000| Untracked 
| 108|0x0000000088800000, 0x0000000088800000, 0x0000000088900000|  0%| F|  |TAMS 0x0000000088800000, 0x0000000088800000| Untracked 
| 109|0x0000000088900000, 0x0000000088900000, 0x0000000088a00000|  0%| F|  |TAMS 0x0000000088900000, 0x0000000088900000| Untracked 
| 110|0x0000000088a00000, 0x0000000088a00000, 0x0000000088b00000|  0%| F|  |TAMS 0x0000000088a00000, 0x0000000088a00000| Untracked 
| 111|0x0000000088b00000, 0x0000000088b00000, 0x0000000088c00000|  0%| F|  |TAMS 0x0000000088b00000, 0x0000000088b00000| Untracked 
| 112|0x0000000088c00000, 0x0000000088c00000, 0x0000000088d00000|  0%| F|  |TAMS 0x0000000088c00000, 0x0000000088c00000| Untracked 
| 113|0x0000000088d00000, 0x0000000088d00000, 0x0000000088e00000|  0%| F|  |TAMS 0x0000000088d00000, 0x0000000088d00000| Untracked 
| 114|0x0000000088e00000, 0x0000000088e00000, 0x0000000088f00000|  0%| F|  |TAMS 0x0000000088e00000, 0x0000000088e00000| Untracked 
| 115|0x0000000088f00000, 0x0000000088f99360, 0x0000000089000000| 59%| E|  |TAMS 0x0000000088f00000, 0x0000000088f00000| Complete 
| 116|0x0000000089000000, 0x0000000089100000, 0x0000000089100000|100%| E|CS|TAMS 0x0000000089000000, 0x0000000089000000| Complete 
| 117|0x0000000089100000, 0x0000000089200000, 0x0000000089200000|100%| E|CS|TAMS 0x0000000089100000, 0x0000000089100000| Complete 
| 118|0x0000000089200000, 0x0000000089300000, 0x0000000089300000|100%| E|CS|TAMS 0x0000000089200000, 0x0000000089200000| Complete 
| 119|0x0000000089300000, 0x0000000089400000, 0x0000000089400000|100%| E|CS|TAMS 0x0000000089300000, 0x0000000089300000| Complete 
| 120|0x0000000089400000, 0x0000000089500000, 0x0000000089500000|100%| E|CS|TAMS 0x0000000089400000, 0x0000000089400000| Complete 
| 121|0x0000000089500000, 0x0000000089600000, 0x0000000089600000|100%| E|CS|TAMS 0x0000000089500000, 0x0000000089500000| Complete 
| 122|0x0000000089600000, 0x0000000089700000, 0x0000000089700000|100%| E|CS|TAMS 0x0000000089600000, 0x0000000089600000| Complete 
| 123|0x0000000089700000, 0x0000000089800000, 0x0000000089800000|100%| E|CS|TAMS 0x0000000089700000, 0x0000000089700000| Complete 
| 124|0x0000000089800000, 0x0000000089900000, 0x0000000089900000|100%| E|CS|TAMS 0x0000000089800000, 0x0000000089800000| Complete 
| 125|0x0000000089900000, 0x0000000089a00000, 0x0000000089a00000|100%| E|CS|TAMS 0x0000000089900000, 0x0000000089900000| Complete 
| 126|0x0000000089a00000, 0x0000000089b00000, 0x0000000089b00000|100%| E|CS|TAMS 0x0000000089a00000, 0x0000000089a00000| Complete 
| 127|0x0000000089b00000, 0x0000000089c00000, 0x0000000089c00000|100%| E|CS|TAMS 0x0000000089b00000, 0x0000000089b00000| Complete 

Card table byte_map: [0x000001a1753a0000,0x000001a1757a0000] _byte_map_base: 0x000001a174f92000

Marking Bits (Prev, Next): (CMBitMap*) 0x000001a161f98288, (CMBitMap*) 0x000001a161f982c0
 Prev Bits: [0x000001a175ba0000, 0x000001a177b30000)
 Next Bits: [0x000001a177b30000, 0x000001a179ac0000)

Polling page: 0x000001a160570000

Metaspace:

Usage:
  Non-class:     10.05 MB capacity,     9.89 MB ( 98%) used,   155.80 KB (  2%) free+waste,    11.25 KB ( <1%) overhead. 
      Class:      1.03 MB capacity,     1.00 MB ( 98%) used,    19.14 KB (  2%) free+waste,     4.31 KB ( <1%) overhead. 
       Both:     11.07 MB capacity,    10.89 MB ( 98%) used,   174.94 KB (  2%) free+waste,    15.56 KB ( <1%) overhead. 

Virtual space:
  Non-class space:       12.00 MB reserved,      10.25 MB ( 85%) committed 
      Class space:        1.00 GB reserved,       1.13 MB ( <1%) committed 
             Both:        1.01 GB reserved,      11.38 MB (  1%) committed 

Chunk freelists:
   Non-Class:  1.75 KB
       Class:  768 bytes
        Both:  2.50 KB

CodeHeap 'non-profiled nmethods': size=120064Kb used=232Kb max_used=232Kb free=119831Kb
 bounds [0x000001a16d530000, 0x000001a16d7a0000, 0x000001a174a70000]
CodeHeap 'profiled nmethods': size=120000Kb used=1286Kb max_used=1286Kb free=118713Kb
 bounds [0x000001a166000000, 0x000001a166270000, 0x000001a16d530000]
CodeHeap 'non-nmethods': size=5696Kb used=1156Kb max_used=1167Kb free=4540Kb
 bounds [0x000001a165a70000, 0x000001a165ce0000, 0x000001a166000000]
 total_blobs=1220 nmethods=681 adapters=292
 compilation: enabled
              stopped_count=0, restarted_count=0
 full_count=0

Compilation events (10 events):
Event: 0.639 Thread 0x000001a17c129000 nmethod 680 0x000001a16613fc90 code [0x000001a16613ffe0, 0x000001a166141240]
Event: 0.639 Thread 0x000001a17c129000  681       1       java.lang.ref.Reference::reachabilityFence (1 bytes)
Event: 0.639 Thread 0x000001a17c129000 nmethod 681 0x000001a16d567790 code [0x000001a16d567940, 0x000001a16d567a38]
Event: 0.644 Thread 0x000001a17c11f800 nmethod 657 0x000001a16d567a90 code [0x000001a16d567c60, 0x000001a16d5684c8]
Event: 0.644 Thread 0x000001a17c11f800  671  s    4       java.io.ByteArrayOutputStream::write (32 bytes)
Event: 0.649 Thread 0x000001a17c11f800 nmethod 671 0x000001a16d568890 code [0x000001a16d568a40, 0x000001a16d569228]
Event: 0.649 Thread 0x000001a17c11f800  667       4       java.util.HashMap::get (23 bytes)
Event: 0.653 Thread 0x000001a17c11f800 nmethod 667 0x000001a16d569510 code [0x000001a16d5696c0, 0x000001a16d569978]
Event: 0.653 Thread 0x000001a17c11f800  666       4       java.util.Arrays::copyOfRange (63 bytes)
Event: 0.654 Thread 0x000001a17c11f800 nmethod 666 0x000001a16d569c10 code [0x000001a16d569dc0, 0x000001a16d56a018]

GC Heap History (0 events):
No events

Deoptimization events (10 events):
Event: 0.314 Thread 0x000001a161f59800 Uncommon trap: reason=class_check action=maybe_recompile pc=0x000001a16d53efe0 method=java.util.HashMap.putVal(ILjava/lang/Object;Ljava/lang/Object;ZZ)Ljava/lang/Object; @ 152 c2
Event: 0.329 Thread 0x000001a161f59800 Uncommon trap: reason=unstable_if action=reinterpret pc=0x000001a16d53adfc method=java.lang.String.isLatin1()Z @ 10 c2
Event: 0.334 Thread 0x000001a161f59800 Uncommon trap: reason=class_check action=maybe_recompile pc=0x000001a16d53efe0 method=java.util.HashMap.putVal(ILjava/lang/Object;Ljava/lang/Object;ZZ)Ljava/lang/Object; @ 152 c2
Event: 0.343 Thread 0x000001a161f59800 Uncommon trap: reason=class_check action=maybe_recompile pc=0x000001a16d53efe0 method=java.util.HashMap.putVal(ILjava/lang/Object;Ljava/lang/Object;ZZ)Ljava/lang/Object; @ 152 c2
Event: 0.348 Thread 0x000001a161f59800 Uncommon trap: reason=class_check action=maybe_recompile pc=0x000001a16d53efe0 method=java.util.HashMap.putVal(ILjava/lang/Object;Ljava/lang/Object;ZZ)Ljava/lang/Object; @ 152 c2
Event: 0.440 Thread 0x000001a161f59800 Uncommon trap: reason=unstable_if action=reinterpret pc=0x000001a16d53fb78 method=java.lang.String.isLatin1()Z @ 10 c2
Event: 0.532 Thread 0x000001a161f59800 Uncommon trap: reason=unstable_if action=reinterpret pc=0x000001a16d5567bc method=org.eclipse.jdt.launching.internal.org.objectweb.asm.ClassReader.readUtf(II[C)Ljava/lang/String; @ 41 c2
Event: 0.532 Thread 0x000001a161f59800 Uncommon trap: reason=unstable_if action=reinterpret pc=0x000001a16d5531e4 method=java.lang.StringUTF16.compress([CI[BII)I @ 20 c2
Event: 0.532 Thread 0x000001a161f59800 Uncommon trap: reason=unstable_if action=reinterpret pc=0x000001a16d538d34 method=java.lang.String.isLatin1()Z @ 10 c2
Event: 0.591 Thread 0x000001a161f59800 Uncommon trap: reason=unstable_if action=reinterpret pc=0x000001a16d5428b0 method=java.util.HashMap.putVal(ILjava/lang/Object;Ljava/lang/Object;ZZ)Ljava/lang/Object; @ 181 c2

Classes redefined (2 events):
Event: 104.285 Thread 0x000001a17c0dd000 redefined class name=model.BoletimTest, count=1
Event: 119.330 Thread 0x000001a17c0dd000 redefined class name=model.BoletimTest, count=2

Internal exceptions (1 events):
Event: 0.618 Thread 0x000001a161f59800 Exception <a 'java/lang/NoSuchMethodError'{0x00000000890550d8}: java.lang.invoke.DirectMethodHandle$Holder.invokeSpecialIFC(Ljava/lang/Object;Ljava/lang/Object;I)I> (0x00000000890550d8) thrown at [t:/workspace/open/src/hotspot/share/interpreter/linkResolv

Events (10 events):
Event: 119.339 Executing VM operation: SetFramePop done
Event: 119.339 Executing VM operation: GetFrameLocation
Event: 119.339 Executing VM operation: GetFrameLocation done
Event: 119.339 Executing VM operation: GetCurrentLocation
Event: 119.339 Executing VM operation: GetCurrentLocation done
Event: 119.339 Executing VM operation: ChangeSingleStep
Event: 119.339 Executing VM operation: ChangeSingleStep done
Event: 119.340 Executing VM operation: GetFrameLocation
Event: 119.340 Executing VM operation: GetFrameLocation done
Event: 119.340 Executing VM operation: GetOrSetLocal


Dynamic libraries:
0x00007ff79a920000 - 0x00007ff79a965000 	C:\Users\senior\.p2\pool\plugins\org.eclipse.justj.openjdk.hotspot.jre.full.win32.x86_64_11.0.2.v20200815-0835\jre\bin\javaw.exe
0x00007ffa3ac70000 - 0x00007ffa3ae66000 	C:\Windows\SYSTEM32\ntdll.dll
0x00007ffa39d00000 - 0x00007ffa39dbd000 	C:\Windows\System32\KERNEL32.DLL
0x00007ffa389b0000 - 0x00007ffa38c79000 	C:\Windows\System32\KERNELBASE.dll
0x00007ffa399f0000 - 0x00007ffa39b90000 	C:\Windows\System32\USER32.dll
0x00007ffa38680000 - 0x00007ffa386a2000 	C:\Windows\System32\win32u.dll
0x00007ffa3a4b0000 - 0x00007ffa3a4da000 	C:\Windows\System32\GDI32.dll
0x00007ffa38570000 - 0x00007ffa38679000 	C:\Windows\System32\gdi32full.dll
0x00007ffa38860000 - 0x00007ffa388fd000 	C:\Windows\System32\msvcp_win.dll
0x00007ffa38730000 - 0x00007ffa38830000 	C:\Windows\System32\ucrtbase.dll
0x00007ffa33100000 - 0x00007ffa3339b000 	C:\Windows\WinSxS\amd64_microsoft.windows.common-controls_6595b64144ccf1df_6.0.19041.488_none_ca04af081b815d21\COMCTL32.dll
0x00007ffa38cd0000 - 0x00007ffa38d6e000 	C:\Windows\System32\msvcrt.dll
0x00007ffa3a2c0000 - 0x00007ffa3a2f0000 	C:\Windows\System32\IMM32.DLL
0x00007ffa1f7b0000 - 0x00007ffa1f7c6000 	C:\Users\senior\.p2\pool\plugins\org.eclipse.justj.openjdk.hotspot.jre.full.win32.x86_64_11.0.2.v20200815-0835\jre\bin\vcruntime140.dll
0x00007ff9efaa0000 - 0x00007ff9efb4a000 	C:\Users\senior\.p2\pool\plugins\org.eclipse.justj.openjdk.hotspot.jre.full.win32.x86_64_11.0.2.v20200815-0835\jre\bin\msvcp140.dll
0x00007ff9ea4b0000 - 0x00007ff9eafd3000 	C:\Users\senior\.p2\pool\plugins\org.eclipse.justj.openjdk.hotspot.jre.full.win32.x86_64_11.0.2.v20200815-0835\jre\bin\server\jvm.dll
0x00007ffa39c50000 - 0x00007ffa39cfc000 	C:\Windows\System32\ADVAPI32.dll
0x00007ffa39950000 - 0x00007ffa399ec000 	C:\Windows\System32\sechost.dll
0x00007ffa38d80000 - 0x00007ffa38eab000 	C:\Windows\System32\RPCRT4.dll
0x00007ffa38d70000 - 0x00007ffa38d78000 	C:\Windows\System32\PSAPI.DLL
0x00007ffa34120000 - 0x00007ffa34129000 	C:\Windows\SYSTEM32\WSOCK32.dll
0x00007ffa39860000 - 0x00007ffa398cb000 	C:\Windows\System32\WS2_32.dll
0x00007ffa2c8b0000 - 0x00007ffa2c8d7000 	C:\Windows\SYSTEM32\WINMM.dll
0x00007ffa2fd40000 - 0x00007ffa2fd4a000 	C:\Windows\SYSTEM32\VERSION.dll
0x00007ffa36300000 - 0x00007ffa36312000 	C:\Windows\SYSTEM32\kernel.appcore.dll
0x00007ffa2d2c0000 - 0x00007ffa2d2d1000 	C:\Users\senior\.p2\pool\plugins\org.eclipse.justj.openjdk.hotspot.jre.full.win32.x86_64_11.0.2.v20200815-0835\jre\bin\verify.dll
0x00007ffa30390000 - 0x00007ffa30574000 	C:\Windows\SYSTEM32\DBGHELP.DLL
0x00007ffa31970000 - 0x00007ffa3199c000 	C:\Windows\SYSTEM32\dbgcore.DLL
0x00007ffa386b0000 - 0x00007ffa38730000 	C:\Windows\System32\bcryptPrimitives.dll
0x00007ffa1f760000 - 0x00007ffa1f788000 	C:\Users\senior\.p2\pool\plugins\org.eclipse.justj.openjdk.hotspot.jre.full.win32.x86_64_11.0.2.v20200815-0835\jre\bin\java.dll
0x00007ff9eee50000 - 0x00007ff9eee87000 	C:\Users\senior\.p2\pool\plugins\org.eclipse.justj.openjdk.hotspot.jre.full.win32.x86_64_11.0.2.v20200815-0835\jre\bin\jdwp.dll
0x00007ffa078e0000 - 0x00007ffa0790f000 	C:\Users\senior\.p2\pool\plugins\org.eclipse.justj.openjdk.hotspot.jre.full.win32.x86_64_11.0.2.v20200815-0835\jre\bin\instrument.dll
0x00007ffa2a6a0000 - 0x00007ffa2a6b6000 	C:\Users\senior\.p2\pool\plugins\org.eclipse.justj.openjdk.hotspot.jre.full.win32.x86_64_11.0.2.v20200815-0835\jre\bin\zip.dll
0x00007ffa35c10000 - 0x00007ffa35c1a000 	C:\Users\senior\.p2\pool\plugins\org.eclipse.justj.openjdk.hotspot.jre.full.win32.x86_64_11.0.2.v20200815-0835\jre\bin\jimage.dll
0x00007ffa3a4e0000 - 0x00007ffa3ac22000 	C:\Windows\System32\SHELL32.dll
0x00007ffa36500000 - 0x00007ffa36c95000 	C:\Windows\SYSTEM32\windows.storage.dll
0x00007ffa39e40000 - 0x00007ffa3a196000 	C:\Windows\System32\combase.dll
0x00007ffa37d50000 - 0x00007ffa37d7c000 	C:\Windows\SYSTEM32\Wldp.dll
0x00007ffa38f90000 - 0x00007ffa3903e000 	C:\Windows\System32\SHCORE.dll
0x00007ffa392b0000 - 0x00007ffa39305000 	C:\Windows\System32\shlwapi.dll
0x00007ffa382e0000 - 0x00007ffa38306000 	C:\Windows\SYSTEM32\profapi.dll
0x00007ffa35c20000 - 0x00007ffa35c2a000 	C:\Users\senior\.p2\pool\plugins\org.eclipse.justj.openjdk.hotspot.jre.full.win32.x86_64_11.0.2.v20200815-0835\jre\bin\dt_socket.dll
0x00007ffa37ad0000 - 0x00007ffa37b3a000 	C:\Windows\System32\mswsock.dll
0x00007ffa37800000 - 0x00007ffa378cb000 	C:\Windows\SYSTEM32\DNSAPI.dll
0x00007ffa377c0000 - 0x00007ffa377fb000 	C:\Windows\SYSTEM32\IPHLPAPI.DLL
0x00007ffa3a4a0000 - 0x00007ffa3a4a8000 	C:\Windows\System32\NSI.dll
0x00007ffa32940000 - 0x00007ffa329bf000 	C:\Windows\System32\fwpuclnt.dll
0x00007ffa38830000 - 0x00007ffa38857000 	C:\Windows\System32\bcrypt.dll
0x00007ffa2c440000 - 0x00007ffa2c44a000 	C:\Windows\System32\rasadhlp.dll
0x00007ffa1f740000 - 0x00007ffa1f759000 	C:\Users\senior\.p2\pool\plugins\org.eclipse.justj.openjdk.hotspot.jre.full.win32.x86_64_11.0.2.v20200815-0835\jre\bin\net.dll
0x00007ffa2c690000 - 0x00007ffa2c87d000 	C:\Windows\SYSTEM32\urlmon.dll
0x00007ffa2e6b0000 - 0x00007ffa2e7b0000 	C:\Windows\SYSTEM32\WINHTTP.dll
0x00007ffa2caa0000 - 0x00007ffa2cd50000 	C:\Windows\SYSTEM32\iertutil.dll
0x00007ffa1f720000 - 0x00007ffa1f733000 	C:\Users\senior\.p2\pool\plugins\org.eclipse.justj.openjdk.hotspot.jre.full.win32.x86_64_11.0.2.v20200815-0835\jre\bin\nio.dll

dbghelp: loaded successfully - version: 4.0.5 - missing functions: none
symbol engine: initialized successfully - sym options: 0x614 - pdb path: .;C:\Users\senior\.p2\pool\plugins\org.eclipse.justj.openjdk.hotspot.jre.full.win32.x86_64_11.0.2.v20200815-0835\jre\bin;C:\Windows\SYSTEM32;C:\Windows\WinSxS\amd64_microsoft.windows.common-controls_6595b64144ccf1df_6.0.19041.488_none_ca04af081b815d21;C:\Users\senior\.p2\pool\plugins\org.eclipse.justj.openjdk.hotspot.jre.full.win32.x86_64_11.0.2.v20200815-0835\jre\bin\server

VM Arguments:
jvm_args: -agentlib:jdwp=transport=dt_socket,suspend=y,address=localhost:49390 -ea -javaagent:C:\Users\senior\eclipse\java-2021-03\eclipse\configuration\org.eclipse.osgi\222\0\.cp\lib\javaagent-shaded.jar -Dfile.encoding=UTF-8 
java_command: org.eclipse.jdt.internal.junit.runner.RemoteTestRunner -version 3 -port 49389 -testLoaderClass org.eclipse.jdt.internal.junit4.runner.JUnit4TestLoader -loaderpluginname org.eclipse.jdt.junit4.runtime -test model.BoletimTest:testAddProva
java_class_path (initial): C:\Users\senior\sarah-workspace\DesignPatterns\target\test-classes;C:\Users\senior\sarah-workspace\DesignPatterns\target\classes;C:\Users\senior\.m2\repository\junit\junit\4.12\junit-4.12.jar;C:\Users\senior\.m2\repository\org\hamcrest\hamcrest-core\1.3\hamcrest-core-1.3.jar;C:\Users\senior\eclipse\java-2021-03\eclipse\configuration\org.eclipse.osgi\220\0\.cp;C:\Users\senior\eclipse\java-2021-03\eclipse\configuration\org.eclipse.osgi\219\0\.cp
Launcher Type: SUN_STANDARD

[Global flags]
     intx CICompilerCount                          = 3                                         {product} {ergonomic}
     uint ConcGCThreads                            = 1                                         {product} {ergonomic}
     uint G1ConcRefinementThreads                  = 4                                         {product} {ergonomic}
   size_t G1HeapRegionSize                         = 1048576                                   {product} {ergonomic}
    uintx GCDrainStackTargetSize                   = 64                                        {product} {ergonomic}
   size_t InitialHeapSize                          = 134217728                                 {product} {ergonomic}
   size_t MarkStackSize                            = 4194304                                   {product} {ergonomic}
   size_t MaxHeapSize                              = 2118123520                                {product} {ergonomic}
   size_t MaxNewSize                               = 1270874112                                {product} {ergonomic}
   size_t MinHeapDeltaBytes                        = 1048576                                   {product} {ergonomic}
    uintx NonNMethodCodeHeapSize                   = 5830092                                {pd product} {ergonomic}
    uintx NonProfiledCodeHeapSize                  = 122914074                              {pd product} {ergonomic}
    uintx ProfiledCodeHeapSize                     = 122914074                              {pd product} {ergonomic}
    uintx ReservedCodeCacheSize                    = 251658240                              {pd product} {ergonomic}
     bool SegmentedCodeCache                       = true                                      {product} {ergonomic}
     bool UseCompressedClassPointers               = true                                 {lp64_product} {ergonomic}
     bool UseCompressedOops                        = true                                 {lp64_product} {ergonomic}
     bool UseG1GC                                  = true                                      {product} {ergonomic}
     bool UseLargePagesIndividualAllocation        = false                                  {pd product} {ergonomic}

Logging:
Log output configuration:
 #0: stdout all=warning uptime,level,tags
 #1: stderr all=off uptime,level,tags

Environment Variables:
JAVA_HOME=C:\Program Files\Java\jre1.8.0_271
PATH=C:\Users\senior\.p2\pool\plugins\org.eclipse.justj.openjdk.hotspot.jre.full.win32.x86_64_11.0.2.v20200815-0835\jre\bin;C:/Users/senior/.p2/pool/plugins/org.eclipse.justj.openjdk.hotspot.jre.full.win32.x86_64_11.0.2.v20200815-0835/jre/bin/server;C:/Users/senior/.p2/pool/plugins/org.eclipse.justj.openjdk.hotspot.jre.full.win32.x86_64_11.0.2.v20200815-0835/jre/bin;C:\Program Files (x86)\Common Files\Intel\Shared Libraries\redist\intel64\compiler;C:\Python39\Scripts\;C:\Python39\;C:\Program Files\Common Files\Oracle\Java\javapath;C:\Program Files (x86)\Common Files\Oracle\Java\javapath;C:\Windows\system32;C:\Windows;C:\Windows\System32\Wbem;C:\Windows\System32\WindowsPowerShell\v1.0\;C:\Windows\System32\OpenSSH\;C:\Program Files\nodejs\;C:\ProgramData\chocolatey\bin;C:\Program Files\dotnet\;C:\Program Files\Microsoft SQL Server\130\Tools\Binn\;C:\Program Files\Microsoft SQL Server\Client SDK\ODBC\170\Tools\Binn\;C:\Program Files (x86)\NVIDIA Corporation\PhysX\Common;C:\Program Files\NVIDIA Corporation\NVIDIA NvDLISR;C:\Users\senior\AppData\Local\Microsoft\WindowsApps;C:\Users\senior\AppData\Local\Programs\Git\cmd;C:\Users\senior\Desktop;
USERNAME=senior
OS=Windows_NT
PROCESSOR_IDENTIFIER=Intel64 Family 6 Model 158 Stepping 9, GenuineIntel



---------------  S Y S T E M  ---------------

OS: Windows 10 , 64 bit Build 19041 (10.0.19041.662)

CPU:total 4 (initial active 4) (4 cores per cpu, 1 threads per core) family 6 model 158 stepping 9, cmov, cx8, fxsr, mmx, sse, sse2, sse3, ssse3, sse4.1, sse4.2, popcnt, avx, avx2, aes, clmul, erms, 3dnowpref, lzcnt, tsc, tscinvbit, bmi1, bmi2, adx, fma

Memory: 4k page, system-wide physical 8075M (543M free)
TotalPageFile size 12632M (AvailPageFile size 2357M)
current process WorkingSet (physical memory assigned to process): 60M, peak: 66M
current process commit charge ("private bytes"): 206M, peak: 210M

vm_info: OpenJDK 64-Bit Server VM (11.0.2+9) for windows-amd64 JRE (11.0.2+9), built on Jan 18 2019 05:23:22 by "mach5one" with MS VC++ 15.5 (VS2017)

END.
